<?xml version="1.0" encoding="UTF-8"?>
<!-- Generated by org.testng.reporters.JUnitXMLReporter -->
<testsuite hostname="admin-PC" name="Default test" tests="5" failures="0" timestamp="5 Nov 2020 13:50:41 GMT" time="84.193" errors="0">
  <testcase name="verifycontacttest" time="1.38" classname="com.qa.crm.test.homepagetest"/>
  <testcase name="verifydealspagetest" time="1.496" classname="com.qa.crm.test.homepagetest"/>
  <testcase name="verifyhomepagetitletest" time="0.022" classname="com.qa.crm.test.homepagetest"/>
  <testcase name="verifytaskpagetest" time="2.165" classname="com.qa.crm.test.homepagetest"/>
  <testcase name="verifyusernametest" time="1.55" classname="com.qa.crm.test.homepagetest"/>
</testsuite> <!-- Default test -->
