<?xml version="1.0" encoding="UTF-8"?>
<testng-results skipped="0" failed="0" total="5" passed="5">
  <reporter-output>
  </reporter-output>
  <suite name="Default suite" duration-ms="84193" started-at="2020-11-05T13:49:17Z" finished-at="2020-11-05T13:50:41Z">
    <groups>
    </groups>
    <test name="Default test" duration-ms="84193" started-at="2020-11-05T13:49:17Z" finished-at="2020-11-05T13:50:41Z">
      <class name="com.qa.crm.test.homepagetest">
        <test-method status="PASS" signature="setup()[pri:0, instance:com.qa.crm.test.homepagetest@b5cdba]" name="setup" is-config="true" duration-ms="11731" started-at="2020-11-05T19:19:17Z" finished-at="2020-11-05T19:19:29Z">
          <reporter-output>
          </reporter-output>
        </test-method> <!-- setup -->
        <test-method status="PASS" signature="verifycontacttest()[pri:0, instance:com.qa.crm.test.homepagetest@b5cdba]" name="verifycontacttest" duration-ms="1380" started-at="2020-11-05T19:19:29Z" finished-at="2020-11-05T19:19:30Z">
          <reporter-output>
          </reporter-output>
        </test-method> <!-- verifycontacttest -->
        <test-method status="PASS" signature="teardown()[pri:0, instance:com.qa.crm.test.homepagetest@b5cdba]" name="teardown" is-config="true" duration-ms="0" started-at="2020-11-05T19:19:30Z" finished-at="2020-11-05T19:19:30Z">
          <reporter-output>
          </reporter-output>
        </test-method> <!-- teardown -->
        <test-method status="PASS" signature="setup()[pri:0, instance:com.qa.crm.test.homepagetest@b5cdba]" name="setup" is-config="true" duration-ms="18064" started-at="2020-11-05T19:19:30Z" finished-at="2020-11-05T19:19:48Z">
          <reporter-output>
          </reporter-output>
        </test-method> <!-- setup -->
        <test-method status="PASS" signature="verifydealspagetest()[pri:0, instance:com.qa.crm.test.homepagetest@b5cdba]" name="verifydealspagetest" duration-ms="1496" started-at="2020-11-05T19:19:48Z" finished-at="2020-11-05T19:19:50Z">
          <reporter-output>
          </reporter-output>
        </test-method> <!-- verifydealspagetest -->
        <test-method status="PASS" signature="teardown()[pri:0, instance:com.qa.crm.test.homepagetest@b5cdba]" name="teardown" is-config="true" duration-ms="0" started-at="2020-11-05T19:19:50Z" finished-at="2020-11-05T19:19:50Z">
          <reporter-output>
          </reporter-output>
        </test-method> <!-- teardown -->
        <test-method status="PASS" signature="setup()[pri:0, instance:com.qa.crm.test.homepagetest@b5cdba]" name="setup" is-config="true" duration-ms="14543" started-at="2020-11-05T19:19:50Z" finished-at="2020-11-05T19:20:04Z">
          <reporter-output>
          </reporter-output>
        </test-method> <!-- setup -->
        <test-method status="PASS" signature="verifyhomepagetitletest()[pri:0, instance:com.qa.crm.test.homepagetest@b5cdba]" name="verifyhomepagetitletest" duration-ms="22" started-at="2020-11-05T19:20:04Z" finished-at="2020-11-05T19:20:04Z">
          <reporter-output>
          </reporter-output>
        </test-method> <!-- verifyhomepagetitletest -->
        <test-method status="PASS" signature="teardown()[pri:0, instance:com.qa.crm.test.homepagetest@b5cdba]" name="teardown" is-config="true" duration-ms="0" started-at="2020-11-05T19:20:04Z" finished-at="2020-11-05T19:20:04Z">
          <reporter-output>
          </reporter-output>
        </test-method> <!-- teardown -->
        <test-method status="PASS" signature="setup()[pri:0, instance:com.qa.crm.test.homepagetest@b5cdba]" name="setup" is-config="true" duration-ms="16289" started-at="2020-11-05T19:20:04Z" finished-at="2020-11-05T19:20:20Z">
          <reporter-output>
          </reporter-output>
        </test-method> <!-- setup -->
        <test-method status="PASS" signature="verifytaskpagetest()[pri:0, instance:com.qa.crm.test.homepagetest@b5cdba]" name="verifytaskpagetest" duration-ms="2165" started-at="2020-11-05T19:20:20Z" finished-at="2020-11-05T19:20:23Z">
          <reporter-output>
          </reporter-output>
        </test-method> <!-- verifytaskpagetest -->
        <test-method status="PASS" signature="teardown()[pri:0, instance:com.qa.crm.test.homepagetest@b5cdba]" name="teardown" is-config="true" duration-ms="0" started-at="2020-11-05T19:20:23Z" finished-at="2020-11-05T19:20:23Z">
          <reporter-output>
          </reporter-output>
        </test-method> <!-- teardown -->
        <test-method status="PASS" signature="setup()[pri:0, instance:com.qa.crm.test.homepagetest@b5cdba]" name="setup" is-config="true" duration-ms="16924" started-at="2020-11-05T19:20:23Z" finished-at="2020-11-05T19:20:39Z">
          <reporter-output>
          </reporter-output>
        </test-method> <!-- setup -->
        <test-method status="PASS" signature="verifyusernametest()[pri:0, instance:com.qa.crm.test.homepagetest@b5cdba]" name="verifyusernametest" duration-ms="1550" started-at="2020-11-05T19:20:39Z" finished-at="2020-11-05T19:20:41Z">
          <reporter-output>
          </reporter-output>
        </test-method> <!-- verifyusernametest -->
        <test-method status="PASS" signature="teardown()[pri:0, instance:com.qa.crm.test.homepagetest@b5cdba]" name="teardown" is-config="true" duration-ms="0" started-at="2020-11-05T19:20:41Z" finished-at="2020-11-05T19:20:41Z">
          <reporter-output>
          </reporter-output>
        </test-method> <!-- teardown -->
      </class> <!-- com.qa.crm.test.homepagetest -->
    </test> <!-- Default test -->
  </suite> <!-- Default suite -->
</testng-results>
